Run started:2026-02-28 08:50:05.392317+00:00

Test results:
>> Issue: [B404:blacklist] Consider possible security implications associated with the subprocess module.
   Severity: Low   Confidence: High
   CWE: CWE-78 (https://cwe.mitre.org/data/definitions/78.html)
   More Info: https://bandit.readthedocs.io/en/1.9.3/blacklists/blacklist_imports.html#b404-import-subprocess
   Location: src/todoList.py:47:0
46	
47	import subprocess
48	subprocess.call("ls", shell=True)

--------------------------------------------------
>> Issue: [B607:start_process_with_partial_path] Starting a process with a partial executable path
   Severity: Low   Confidence: High
   CWE: CWE-78 (https://cwe.mitre.org/data/definitions/78.html)
   More Info: https://bandit.readthedocs.io/en/1.9.3/plugins/b607_start_process_with_partial_path.html
   Location: src/todoList.py:48:0
47	import subprocess
48	subprocess.call("ls", shell=True)
49	

--------------------------------------------------
>> Issue: [B602:subprocess_popen_with_shell_equals_true] subprocess call with shell=True seems safe, but may be changed in the future, consider rewriting without shell
   Severity: Low   Confidence: High
   CWE: CWE-78 (https://cwe.mitre.org/data/definitions/78.html)
   More Info: https://bandit.readthedocs.io/en/1.9.3/plugins/b602_subprocess_popen_with_shell_equals_true.html
   Location: src/todoList.py:48:0
47	import subprocess
48	subprocess.call("ls", shell=True)
49	

--------------------------------------------------

Code scanned:
	Total lines of code: 196
	Total lines skipped (#nosec): 0
	Total potential issues skipped due to specifically being disabled (e.g., #nosec BXXX): 0

Run metrics:
	Total issues (by severity):
		Undefined: 0
		Low: 3
		Medium: 0
		High: 0
	Total issues (by confidence):
		Undefined: 0
		Low: 0
		Medium: 0
		High: 3
Files skipped (0):
